<?xml version="1.0" encoding="UTF-8" ?>
<testsuite tests="33" failures="0" name="oracle.pgql.lang.completions.KeywordCompletionsTest" time="0.344" errors="0" skipped="0">
  <properties>
[...]
</properties>
  <testcase classname="oracle.pgql.lang.completions.KeywordCompletionsTest" name="incompleteAggregateInWhere" time="0.022"/>
  <testcase classname="oracle.pgql.lang.completions.KeywordCompletionsTest" name="incompleteFunctionInWhere" time="0.013"/>
  <testcase classname="oracle.pgql.lang.completions.KeywordCompletionsTest" name="incompleteFunctionInHaving" time="0.032"/>
  <testcase classname="oracle.pgql.lang.completions.KeywordCompletionsTest" name="incompleteSelect1" time="0.003"/>
  <testcase classname="oracle.pgql.lang.completions.KeywordCompletionsTest" name="incompleteSelect2" time="0.002"/>
  <testcase classname="oracle.pgql.lang.completions.KeywordCompletionsTest" name="incompleteAggregate" time="0.013"/>
  <testcase classname="oracle.pgql.lang.completions.KeywordCompletionsTest" name="incompleteFloor" time="0.012"/>
  <testcase classname="oracle.pgql.lang.completions.KeywordCompletionsTest" name="incompleteLabel" time="0.006"/>
  <testcase classname="oracle.pgql.lang.completions.KeywordCompletionsTest" name="incompleteLimit" time="0.01"/>
  <testcase classname="oracle.pgql.lang.completions.KeywordCompletionsTest" name="incompleteRound" time="0.006"/>
  <testcase classname="oracle.pgql.lang.completions.KeywordCompletionsTest" name="incompleteWhere" time="0.01"/>
  <testcase classname="oracle.pgql.lang.completions.KeywordCompletionsTest" name="incompleteAllDifferent" time="0.007"/>
  <testcase classname="oracle.pgql.lang.completions.KeywordCompletionsTest" name="incompleteAggregateInOrderBy" time="0.018"/>
  <testcase classname="oracle.pgql.lang.completions.KeywordCompletionsTest" name="incompleteCeil" time="0.006"/>
  <testcase classname="oracle.pgql.lang.completions.KeywordCompletionsTest" name="incompleteFrom" time="0.008"/>
  <testcase classname="oracle.pgql.lang.completions.KeywordCompletionsTest" name="incompleteExtract" time="0.006"/>
  <testcase classname="oracle.pgql.lang.completions.KeywordCompletionsTest" name="incompleteOutDegree" time="0.006"/>
  <testcase classname="oracle.pgql.lang.completions.KeywordCompletionsTest" name="incompleteAggregateInHaving" time="0.013"/>
  <testcase classname="oracle.pgql.lang.completions.KeywordCompletionsTest" name="incompleteHasLabel" time="0.005"/>
  <testcase classname="oracle.pgql.lang.completions.KeywordCompletionsTest" name="incompleteAbs" time="0.006"/>
  <testcase classname="oracle.pgql.lang.completions.KeywordCompletionsTest" name="incompleteGroupBy1" time="0.01"/>
  <testcase classname="oracle.pgql.lang.completions.KeywordCompletionsTest" name="incompleteGroupBy2" time="0.01"/>
  <testcase classname="oracle.pgql.lang.completions.KeywordCompletionsTest" name="incompleteGroupBy3" time="0.014"/>
  <testcase classname="oracle.pgql.lang.completions.KeywordCompletionsTest" name="incompleteHaving" time="0.013"/>
  <testcase classname="oracle.pgql.lang.completions.KeywordCompletionsTest" name="incompleteILower" time="0.007"/>
  <testcase classname="oracle.pgql.lang.completions.KeywordCompletionsTest" name="incompleteIUpper" time="0.006"/>
  <testcase classname="oracle.pgql.lang.completions.KeywordCompletionsTest" name="incompleteIsNull" time="0.01"/>
  <testcase classname="oracle.pgql.lang.completions.KeywordCompletionsTest" name="incompleteMatch1" time="0.008"/>
  <testcase classname="oracle.pgql.lang.completions.KeywordCompletionsTest" name="incompleteMatch2" time="0.015"/>
  <testcase classname="oracle.pgql.lang.completions.KeywordCompletionsTest" name="incompleteOffset" time="0.014"/>
  <testcase classname="oracle.pgql.lang.completions.KeywordCompletionsTest" name="incompleteFunctionInOrderBy" time="0.01"/>
  <testcase classname="oracle.pgql.lang.completions.KeywordCompletionsTest" name="incompleteOrderBy1" time="0.009"/>
  <testcase classname="oracle.pgql.lang.completions.KeywordCompletionsTest" name="incompleteOrderBy2" time="0.014"/>
</testsuite>