<?xml version="1.0" encoding="UTF-8" ?>
<testsuite tests="11" failures="0" name="oracle.pgql.lang.completions.ExpressionCompletionsTest" time="0.327" errors="0" skipped="0">
  <properties>
[...]
</properties>
  <testcase classname="oracle.pgql.lang.completions.ExpressionCompletionsTest" name="emptyOrderBy" time="0.035"/>
  <testcase classname="oracle.pgql.lang.completions.ExpressionCompletionsTest" name="emptyWhere" time="0.018"/>
  <testcase classname="oracle.pgql.lang.completions.ExpressionCompletionsTest" name="nonEmptyOrderBy" time="0.035"/>
  <testcase classname="oracle.pgql.lang.completions.ExpressionCompletionsTest" name="emptyGroupBy" time="0.035"/>
  <testcase classname="oracle.pgql.lang.completions.ExpressionCompletionsTest" name="nonEmptyGroupBy" time="0.032"/>
  <testcase classname="oracle.pgql.lang.completions.ExpressionCompletionsTest" name="emptyString" time="0.013"/>
  <testcase classname="oracle.pgql.lang.completions.ExpressionCompletionsTest" name="emptyAggregation1" time="0.022"/>
  <testcase classname="oracle.pgql.lang.completions.ExpressionCompletionsTest" name="emptyAggregation2" time="0.075"/>
  <testcase classname="oracle.pgql.lang.completions.ExpressionCompletionsTest" name="nonEmptySelect" time="0.021"/>
  <testcase classname="oracle.pgql.lang.completions.ExpressionCompletionsTest" name="emptySelect1" time="0.015"/>
  <testcase classname="oracle.pgql.lang.completions.ExpressionCompletionsTest" name="emptySelect2" time="0.026"/>
</testsuite>